C:\USERS\RISK\DOCUMENTS\GITHUB\DNS-SCANNER\DNS-SCANNER\DEBUG\SOURCE.OBJ
C:\USERS\RISK\DOCUMENTS\GITHUB\DNS-SCANNER\DNS-SCANNER\DEBUG\VC110.PDB
C:\USERS\RISK\DOCUMENTS\GITHUB\DNS-SCANNER\DNS-SCANNER\DEBUG\DNS-SCANNER.ILK
C:\USERS\RISK\DOCUMENTS\GITHUB\DNS-SCANNER\DNS-SCANNER\DEBUG\DNS-SCANNER.EXE
C:\USERS\RISK\DOCUMENTS\GITHUB\DNS-SCANNER\DNS-SCANNER\DEBUG\DNS-SCANNER.PDB
C:\Users\risk\Documents\GitHub\DNS-Scanner\DNS-Scanner\Debug\Source.obj
C:\Users\risk\Documents\GitHub\DNS-Scanner\DNS-Scanner\Debug\DNS-Scanner.ilk
C:\Users\risk\Documents\GitHub\DNS-Scanner\DNS-Scanner\Debug\cl.command.1.tlog
C:\Users\risk\Documents\GitHub\DNS-Scanner\DNS-Scanner\Debug\CL.read.1.tlog
C:\Users\risk\Documents\GitHub\DNS-Scanner\DNS-Scanner\Debug\CL.write.1.tlog
C:\Users\risk\Documents\GitHub\DNS-Scanner\DNS-Scanner\Debug\link-cvtres.read.1.tlog
C:\Users\risk\Documents\GitHub\DNS-Scanner\DNS-Scanner\Debug\link-cvtres.write.1.tlog
C:\Users\risk\Documents\GitHub\DNS-Scanner\DNS-Scanner\Debug\link-rc.read.1.tlog
C:\Users\risk\Documents\GitHub\DNS-Scanner\DNS-Scanner\Debug\link-rc.write.1.tlog
C:\Users\risk\Documents\GitHub\DNS-Scanner\DNS-Scanner\Debug\link.2096-cvtres.read.1.tlog
C:\Users\risk\Documents\GitHub\DNS-Scanner\DNS-Scanner\Debug\link.2096-cvtres.write.1.tlog
C:\Users\risk\Documents\GitHub\DNS-Scanner\DNS-Scanner\Debug\link.2096-rc.read.1.tlog
C:\Users\risk\Documents\GitHub\DNS-Scanner\DNS-Scanner\Debug\link.2096-rc.write.1.tlog
C:\Users\risk\Documents\GitHub\DNS-Scanner\DNS-Scanner\Debug\link.2096.read.1.tlog
C:\Users\risk\Documents\GitHub\DNS-Scanner\DNS-Scanner\Debug\link.2096.write.1.tlog
C:\Users\risk\Documents\GitHub\DNS-Scanner\DNS-Scanner\Debug\link.3356-cvtres.read.1.tlog
C:\Users\risk\Documents\GitHub\DNS-Scanner\DNS-Scanner\Debug\link.3356-cvtres.write.1.tlog
C:\Users\risk\Documents\GitHub\DNS-Scanner\DNS-Scanner\Debug\link.3356-rc.read.1.tlog
C:\Users\risk\Documents\GitHub\DNS-Scanner\DNS-Scanner\Debug\link.3356-rc.write.1.tlog
C:\Users\risk\Documents\GitHub\DNS-Scanner\DNS-Scanner\Debug\link.3356.read.1.tlog
C:\Users\risk\Documents\GitHub\DNS-Scanner\DNS-Scanner\Debug\link.3356.write.1.tlog
C:\Users\risk\Documents\GitHub\DNS-Scanner\DNS-Scanner\Debug\link.3600-cvtres.read.1.tlog
C:\Users\risk\Documents\GitHub\DNS-Scanner\DNS-Scanner\Debug\link.3600-cvtres.write.1.tlog
C:\Users\risk\Documents\GitHub\DNS-Scanner\DNS-Scanner\Debug\link.3600-rc.read.1.tlog
C:\Users\risk\Documents\GitHub\DNS-Scanner\DNS-Scanner\Debug\link.3600-rc.write.1.tlog
C:\Users\risk\Documents\GitHub\DNS-Scanner\DNS-Scanner\Debug\link.3600.read.1.tlog
C:\Users\risk\Documents\GitHub\DNS-Scanner\DNS-Scanner\Debug\link.3600.write.1.tlog
C:\Users\risk\Documents\GitHub\DNS-Scanner\DNS-Scanner\Debug\link.4060-cvtres.read.1.tlog
C:\Users\risk\Documents\GitHub\DNS-Scanner\DNS-Scanner\Debug\link.4060-cvtres.write.1.tlog
C:\Users\risk\Documents\GitHub\DNS-Scanner\DNS-Scanner\Debug\link.4060-rc.read.1.tlog
C:\Users\risk\Documents\GitHub\DNS-Scanner\DNS-Scanner\Debug\link.4060-rc.write.1.tlog
C:\Users\risk\Documents\GitHub\DNS-Scanner\DNS-Scanner\Debug\link.4060.read.1.tlog
C:\Users\risk\Documents\GitHub\DNS-Scanner\DNS-Scanner\Debug\link.4060.write.1.tlog
C:\Users\risk\Documents\GitHub\DNS-Scanner\DNS-Scanner\Debug\link.436-cvtres.read.1.tlog
C:\Users\risk\Documents\GitHub\DNS-Scanner\DNS-Scanner\Debug\link.436-cvtres.write.1.tlog
C:\Users\risk\Documents\GitHub\DNS-Scanner\DNS-Scanner\Debug\link.436-rc.read.1.tlog
C:\Users\risk\Documents\GitHub\DNS-Scanner\DNS-Scanner\Debug\link.436-rc.write.1.tlog
C:\Users\risk\Documents\GitHub\DNS-Scanner\DNS-Scanner\Debug\link.436.read.1.tlog
C:\Users\risk\Documents\GitHub\DNS-Scanner\DNS-Scanner\Debug\link.436.write.1.tlog
C:\Users\risk\Documents\GitHub\DNS-Scanner\DNS-Scanner\Debug\link.4800-cvtres.read.1.tlog
C:\Users\risk\Documents\GitHub\DNS-Scanner\DNS-Scanner\Debug\link.4800-cvtres.write.1.tlog
C:\Users\risk\Documents\GitHub\DNS-Scanner\DNS-Scanner\Debug\link.4800-rc.read.1.tlog
C:\Users\risk\Documents\GitHub\DNS-Scanner\DNS-Scanner\Debug\link.4800-rc.write.1.tlog
C:\Users\risk\Documents\GitHub\DNS-Scanner\DNS-Scanner\Debug\link.4800.read.1.tlog
C:\Users\risk\Documents\GitHub\DNS-Scanner\DNS-Scanner\Debug\link.4800.write.1.tlog
C:\Users\risk\Documents\GitHub\DNS-Scanner\DNS-Scanner\Debug\link.4820-cvtres.read.1.tlog
C:\Users\risk\Documents\GitHub\DNS-Scanner\DNS-Scanner\Debug\link.4820-cvtres.write.1.tlog
C:\Users\risk\Documents\GitHub\DNS-Scanner\DNS-Scanner\Debug\link.4820-rc.read.1.tlog
C:\Users\risk\Documents\GitHub\DNS-Scanner\DNS-Scanner\Debug\link.4820-rc.write.1.tlog
C:\Users\risk\Documents\GitHub\DNS-Scanner\DNS-Scanner\Debug\link.4820.read.1.tlog
C:\Users\risk\Documents\GitHub\DNS-Scanner\DNS-Scanner\Debug\link.4820.write.1.tlog
C:\Users\risk\Documents\GitHub\DNS-Scanner\DNS-Scanner\Debug\link.4944-cvtres.read.1.tlog
C:\Users\risk\Documents\GitHub\DNS-Scanner\DNS-Scanner\Debug\link.4944-cvtres.write.1.tlog
C:\Users\risk\Documents\GitHub\DNS-Scanner\DNS-Scanner\Debug\link.4944-rc.read.1.tlog
C:\Users\risk\Documents\GitHub\DNS-Scanner\DNS-Scanner\Debug\link.4944-rc.write.1.tlog
C:\Users\risk\Documents\GitHub\DNS-Scanner\DNS-Scanner\Debug\link.4944.read.1.tlog
C:\Users\risk\Documents\GitHub\DNS-Scanner\DNS-Scanner\Debug\link.4944.write.1.tlog
C:\Users\risk\Documents\GitHub\DNS-Scanner\DNS-Scanner\Debug\link.5060-cvtres.read.1.tlog
C:\Users\risk\Documents\GitHub\DNS-Scanner\DNS-Scanner\Debug\link.5060-cvtres.write.1.tlog
C:\Users\risk\Documents\GitHub\DNS-Scanner\DNS-Scanner\Debug\link.5060-rc.read.1.tlog
C:\Users\risk\Documents\GitHub\DNS-Scanner\DNS-Scanner\Debug\link.5060-rc.write.1.tlog
C:\Users\risk\Documents\GitHub\DNS-Scanner\DNS-Scanner\Debug\link.5060.read.1.tlog
C:\Users\risk\Documents\GitHub\DNS-Scanner\DNS-Scanner\Debug\link.5060.write.1.tlog
C:\Users\risk\Documents\GitHub\DNS-Scanner\DNS-Scanner\Debug\link.5116-cvtres.read.1.tlog
C:\Users\risk\Documents\GitHub\DNS-Scanner\DNS-Scanner\Debug\link.5116-cvtres.write.1.tlog
C:\Users\risk\Documents\GitHub\DNS-Scanner\DNS-Scanner\Debug\link.5116-rc.read.1.tlog
C:\Users\risk\Documents\GitHub\DNS-Scanner\DNS-Scanner\Debug\link.5116-rc.write.1.tlog
C:\Users\risk\Documents\GitHub\DNS-Scanner\DNS-Scanner\Debug\link.5116.read.1.tlog
C:\Users\risk\Documents\GitHub\DNS-Scanner\DNS-Scanner\Debug\link.5116.write.1.tlog
C:\Users\risk\Documents\GitHub\DNS-Scanner\DNS-Scanner\Debug\link.908-cvtres.read.1.tlog
C:\Users\risk\Documents\GitHub\DNS-Scanner\DNS-Scanner\Debug\link.908-cvtres.write.1.tlog
C:\Users\risk\Documents\GitHub\DNS-Scanner\DNS-Scanner\Debug\link.908-rc.read.1.tlog
C:\Users\risk\Documents\GitHub\DNS-Scanner\DNS-Scanner\Debug\link.908-rc.write.1.tlog
C:\Users\risk\Documents\GitHub\DNS-Scanner\DNS-Scanner\Debug\link.908.read.1.tlog
C:\Users\risk\Documents\GitHub\DNS-Scanner\DNS-Scanner\Debug\link.908.write.1.tlog
C:\Users\risk\Documents\GitHub\DNS-Scanner\DNS-Scanner\Debug\link.956-cvtres.read.1.tlog
C:\Users\risk\Documents\GitHub\DNS-Scanner\DNS-Scanner\Debug\link.956-cvtres.write.1.tlog
C:\Users\risk\Documents\GitHub\DNS-Scanner\DNS-Scanner\Debug\link.956-rc.read.1.tlog
C:\Users\risk\Documents\GitHub\DNS-Scanner\DNS-Scanner\Debug\link.956-rc.write.1.tlog
C:\Users\risk\Documents\GitHub\DNS-Scanner\DNS-Scanner\Debug\link.956.read.1.tlog
C:\Users\risk\Documents\GitHub\DNS-Scanner\DNS-Scanner\Debug\link.956.write.1.tlog
C:\Users\risk\Documents\GitHub\DNS-Scanner\DNS-Scanner\Debug\link.command.1.tlog
C:\Users\risk\Documents\GitHub\DNS-Scanner\DNS-Scanner\Debug\link.read.1.tlog
C:\Users\risk\Documents\GitHub\DNS-Scanner\DNS-Scanner\Debug\link.write.1.tlog
C:\Users\risk\Documents\GitHub\DNS-Scanner\DNS-Scanner\Debug\vc110.idb
C:\Users\risk\Documents\GitHub\DNS-Scanner\DNS-Scanner\Debug\DNS-Scanner.pdb
C:\Users\risk\Documents\GitHub\DNS-Scanner\DNS-Scanner\Debug\vc110.pdb
C:\Users\risk\Documents\GitHub\DNS-Scanner\DNS-Scanner\Debug\DNS-Scanner.exe
